<?xml version="1.0" encoding="UTF-8"?>
<!-- Generated by org.testng.reporters.JUnitXMLReporter -->
<testsuite ignored="0" hostname="IN-PG02P5VN" failures="0" tests="4" name="Test" time="55.843" errors="0" timestamp="2023-08-04T18:01:06 IST">
  <testcase classname="testCases.verifyLogInPage" name="test_Log_Out" time="5.803"/>
  <testcase classname="testCases.verifyMyAccount" name="verifyTitleOfMyAccount" time="10.758"/>
  <testcase classname="testCases.verifySearchItem" name="verifySearch" time="5.794"/>
  <testcase classname="testCases.testLogOut" name="test_Log_Out" time="10.897"/>
</testsuite> <!-- Test -->
