<?xml version="1.0" encoding="UTF-8"?>
<testng-results ignored="0" total="1" passed="1" failed="0" skipped="0">
  <reporter-output>
  </reporter-output>
  <suite started-at="2023-08-03T17:38:46 IST" name="Default suite" finished-at="2023-08-03T17:39:03 IST" duration-ms="17500">
    <groups>
    </groups>
    <test started-at="2023-08-03T17:38:46 IST" name="Default test" finished-at="2023-08-03T17:39:03 IST" duration-ms="17500">
      <class name="testCases.testLogOut">
        <test-method is-config="true" signature="setup()[pri:0, instance:testCases.testLogOut@30b6ffe0]" started-at="2023-08-03T17:38:46 IST" name="setup" finished-at="2023-08-03T17:38:51 IST" duration-ms="4929" status="PASS">
          <reporter-output>
          </reporter-output>
        </test-method> <!-- setup -->
        <test-method signature="test_Log_Out()[pri:0, instance:testCases.testLogOut@30b6ffe0]" started-at="2023-08-03T17:38:51 IST" name="test_Log_Out" finished-at="2023-08-03T17:39:03 IST" duration-ms="12125" status="PASS">
          <reporter-output>
          </reporter-output>
        </test-method> <!-- test_Log_Out -->
        <test-method is-config="true" signature="endTest()[pri:0, instance:testCases.testLogOut@30b6ffe0]" started-at="2023-08-03T17:39:03 IST" name="endTest" finished-at="2023-08-03T17:39:03 IST" duration-ms="412" status="PASS">
          <reporter-output>
          </reporter-output>
        </test-method> <!-- endTest -->
      </class> <!-- testCases.testLogOut -->
    </test> <!-- Default test -->
  </suite> <!-- Default suite -->
</testng-results>
